# JRE version: OpenJDK Runtime Environment (8.0_402-b06) (build 1.8.0_402-b06)
# Java VM: OpenJDK 64-Bit Server VM (25.402-b06 mixed mode windows-amd64 compressed oops)
Heap:
 PSYoungGen      total 138240K, used 8500K [0x00000000d5f80000, 0x00000000e3880000, 0x0000000100000000)
  eden space 133120K, 5% used [0x00000000d5f80000,0x00000000d672d2e0,0x00000000de180000)
  from space 5120K, 12% used [0x00000000de180000,0x00000000de220000,0x00000000de680000)
  to   space 20480K, 0% used [0x00000000e2480000,0x00000000e2480000,0x00000000e3880000)
 ParOldGen       total 90624K, used 24012K [0x0000000081e00000, 0x0000000087680000, 0x00000000d5f80000)
  object space 90624K, 26% used [0x0000000081e00000,0x0000000083573290,0x0000000087680000)
 Metaspace       used 22331K, capacity 22696K, committed 22912K, reserved 1069056K
  class space    used 2779K, capacity 2880K, committed 2944K, reserved 1048576K
GC Heap History (10 events):
Event: 1.529 GC heap before
{Heap before GC invocations=2 (full 0):
 PSYoungGen      total 38400K, used 38391K [0x00000000d5f80000, 0x00000000daa80000, 0x0000000100000000)
  eden space 33280K, 100% used [0x00000000d5f80000,0x00000000d8000000,0x00000000d8000000)
  from space 5120K, 99% used [0x00000000d8000000,0x00000000d84fde88,0x00000000d8500000)
  to   space 5120K, 0% used [0x00000000da580000,0x00000000da580000,0x00000000daa80000)
 ParOldGen       total 87552K, used 647K [0x0000000081e00000, 0x0000000087380000, 0x00000000d5f80000)
  object space 87552K, 0% used [0x0000000081e00000,0x0000000081ea1e60,0x0000000087380000)
 Metaspace       used 10026K, capacity 10196K, committed 10368K, reserved 1058816K
  class space    used 1195K, capacity 1288K, committed 1408K, reserved 1048576K
Event: 1.544 GC heap after
Heap after GC invocations=2 (full 0):
 PSYoungGen      total 71680K, used 5119K [0x00000000d5f80000, 0x00000000daa80000, 0x0000000100000000)
  eden space 66560K, 0% used [0x00000000d5f80000,0x00000000d5f80000,0x00000000da080000)
  from space 5120K, 99% used [0x00000000da580000,0x00000000daa7fc60,0x00000000daa80000)
  to   space 5120K, 0% used [0x00000000da080000,0x00000000da080000,0x00000000da580000)
 ParOldGen       total 87552K, used 8127K [0x0000000081e00000, 0x0000000087380000, 0x00000000d5f80000)
  object space 87552K, 9% used [0x0000000081e00000,0x00000000825efcd0,0x0000000087380000)
 Metaspace       used 10026K, capacity 10196K, committed 10368K, reserved 1058816K
  class space    used 1195K, capacity 1288K, committed 1408K, reserved 1048576K
}
Event: 3.016 GC heap before
{Heap before GC invocations=3 (full 0):
 PSYoungGen      total 71680K, used 71679K [0x00000000d5f80000, 0x00000000daa80000, 0x0000000100000000)
  eden space 66560K, 100% used [0x00000000d5f80000,0x00000000da080000,0x00000000da080000)
  from space 5120K, 99% used [0x00000000da580000,0x00000000daa7fc60,0x00000000daa80000)
  to   space 5120K, 0% used [0x00000000da080000,0x00000000da080000,0x00000000da580000)
 ParOldGen       total 87552K, used 8127K [0x0000000081e00000, 0x0000000087380000, 0x00000000d5f80000)
  object space 87552K, 9% used [0x0000000081e00000,0x00000000825efcd0,0x0000000087380000)
 Metaspace       used 17323K, capacity 17526K, committed 17664K, reserved 1064960K
  class space    used 2215K, capacity 2291K, committed 2304K, reserved 1048576K
Event: 3.037 GC heap after
Heap after GC invocations=3 (full 0):
 PSYoungGen      total 71680K, used 5101K [0x00000000d5f80000, 0x00000000deb80000, 0x0000000100000000)
  eden space 66560K, 0% used [0x00000000d5f80000,0x00000000d5f80000,0x00000000da080000)
  from space 5120K, 99% used [0x00000000da080000,0x00000000da57b480,0x00000000da580000)
  to   space 5120K, 0% used [0x00000000de680000,0x00000000de680000,0x00000000deb80000)
 ParOldGen       total 87552K, used 19922K [0x0000000081e00000, 0x0000000087380000, 0x00000000d5f80000)
  object space 87552K, 22% used [0x0000000081e00000,0x0000000083174a40,0x0000000087380000)
 Metaspace       used 17323K, capacity 17526K, committed 17664K, reserved 1064960K
  class space    used 2215K, capacity 2291K, committed 2304K, reserved 1048576K
}
Event: 4.372 GC heap before
{Heap before GC invocations=4 (full 0):
 PSYoungGen      total 71680K, used 49628K [0x00000000d5f80000, 0x00000000deb80000, 0x0000000100000000)
  eden space 66560K, 66% used [0x00000000d5f80000,0x00000000d8afbe10,0x00000000da080000)
  from space 5120K, 99% used [0x00000000da080000,0x00000000da57b480,0x00000000da580000)
  to   space 5120K, 0% used [0x00000000de680000,0x00000000de680000,0x00000000deb80000)
 ParOldGen       total 87552K, used 19922K [0x0000000081e00000, 0x0000000087380000, 0x00000000d5f80000)
  object space 87552K, 22% used [0x0000000081e00000,0x0000000083174a40,0x0000000087380000)
 Metaspace       used 20888K, capacity 21110K, committed 21248K, reserved 1067008K
  class space    used 2643K, capacity 2733K, committed 2816K, reserved 1048576K
Event: 4.393 GC heap after
Heap after GC invocations=4 (full 0):
 PSYoungGen      total 138240K, used 5103K [0x00000000d5f80000, 0x00000000deb80000, 0x0000000100000000)
  eden space 133120K, 0% used [0x00000000d5f80000,0x00000000d5f80000,0x00000000de180000)
  from space 5120K, 99% used [0x00000000de680000,0x00000000deb7bc50,0x00000000deb80000)
  to   space 5120K, 0% used [0x00000000de180000,0x00000000de180000,0x00000000de680000)
 ParOldGen       total 87552K, used 24586K [0x0000000081e00000, 0x0000000087380000, 0x00000000d5f80000)
  object space 87552K, 28% used [0x0000000081e00000,0x0000000083602bf8,0x0000000087380000)
 Metaspace       used 20888K, capacity 21110K, committed 21248K, reserved 1067008K
  class space    used 2643K, capacity 2733K, committed 2816K, reserved 1048576K
}
Event: 4.393 GC heap before
{Heap before GC invocations=5 (full 1):
 PSYoungGen      total 138240K, used 5103K [0x00000000d5f80000, 0x00000000deb80000, 0x0000000100000000)
  eden space 133120K, 0% used [0x00000000d5f80000,0x00000000d5f80000,0x00000000de180000)
  from space 5120K, 99% used [0x00000000de680000,0x00000000deb7bc50,0x00000000deb80000)
  to   space 5120K, 0% used [0x00000000de180000,0x00000000de180000,0x00000000de680000)
 ParOldGen       total 87552K, used 24586K [0x0000000081e00000, 0x0000000087380000, 0x00000000d5f80000)
  object space 87552K, 28% used [0x0000000081e00000,0x0000000083602bf8,0x0000000087380000)
 Metaspace       used 20888K, capacity 21110K, committed 21248K, reserved 1067008K
  class space    used 2643K, capacity 2733K, committed 2816K, reserved 1048576K
Event: 4.498 GC heap after
Heap after GC invocations=5 (full 1):
 PSYoungGen      total 138240K, used 0K [0x00000000d5f80000, 0x00000000deb80000, 0x0000000100000000)
  eden space 133120K, 0% used [0x00000000d5f80000,0x00000000d5f80000,0x00000000de180000)
  from space 5120K, 0% used [0x00000000de680000,0x00000000de680000,0x00000000deb80000)
  to   space 5120K, 0% used [0x00000000de180000,0x00000000de180000,0x00000000de680000)
 ParOldGen       total 90624K, used 24012K [0x0000000081e00000, 0x0000000087680000, 0x00000000d5f80000)
  object space 90624K, 26% used [0x0000000081e00000,0x0000000083573290,0x0000000087680000)
 Metaspace       used 20888K, capacity 21110K, committed 21248K, reserved 1067008K
  class space    used 2643K, capacity 2733K, committed 2816K, reserved 1048576K
}
Event: 6.040 GC heap before
{Heap before GC invocations=6 (full 1):
 PSYoungGen      total 138240K, used 133120K [0x00000000d5f80000, 0x00000000deb80000, 0x0000000100000000)
  eden space 133120K, 100% used [0x00000000d5f80000,0x00000000de180000,0x00000000de180000)
  from space 5120K, 0% used [0x00000000de680000,0x00000000de680000,0x00000000deb80000)
  to   space 5120K, 0% used [0x00000000de180000,0x00000000de180000,0x00000000de680000)
 ParOldGen       total 90624K, used 24012K [0x0000000081e00000, 0x0000000087680000, 0x00000000d5f80000)
  object space 90624K, 26% used [0x0000000081e00000,0x0000000083573290,0x0000000087680000)
 Metaspace       used 21410K, capacity 21672K, committed 21760K, reserved 1069056K
  class space    used 2674K, capacity 2752K, committed 2816K, reserved 1048576K
Event: 6.044 GC heap after
Heap after GC invocations=6 (full 1):
 PSYoungGen      total 138240K, used 640K [0x00000000d5f80000, 0x00000000e3880000, 0x0000000100000000)
  eden space 133120K, 0% used [0x00000000d5f80000,0x00000000d5f80000,0x00000000de180000)
  from space 5120K, 12% used [0x00000000de180000,0x00000000de220000,0x00000000de680000)
  to   space 20480K, 0% used [0x00000000e2480000,0x00000000e2480000,0x00000000e3880000)
 ParOldGen       total 90624K, used 24012K [0x0000000081e00000, 0x0000000087680000, 0x00000000d5f80000)
  object space 90624K, 26% used [0x0000000081e00000,0x0000000083573290,0x0000000087680000)
 Metaspace       used 21410K, capacity 21672K, committed 21760K, reserved 1069056K
  class space    used 2674K, capacity 2752K, committed 2816K, reserved 1048576K
}

